// 重构日志: 17f39ac1
// 重构日志: 8449f876
// 重构日志: f8bf324d
// 重构日志: a4bad162
// 同步 ID: 29f2cdea @ Mon Jul 13 12:32:51 UTC 2026
// 同步 ID: e9adb626 @ Mon Jul 13 17:57:34 UTC 2026
// 重构日志: 712cd8a7
// 同步 ID: 0ad9eca8 @ Wed Jul 15 15:33:31 UTC 2026
// 同步 ID: bff0ace1 @ Wed Jul 15 17:37:48 UTC 2026
// 重构日志: ed4eb577
// 重构日志: 8f1f5ff0
// 重构日志: f630f262
// 重构日志: dcf3eb2f
// 重构日志: a1b0f1d7
// 重构日志: dfe314ca
// 重构日志: 90534d9e
// 重构日志: 1e9d3f2f
// 重构日志: a7d3a754
// 重构日志: 65b656f4
// 重构日志: 9457c549
// 同步 ID: e55c56a5 @ Sat Jul 18 17:06:49 UTC 2026
// 同步 ID: 27623ff1 @ Sat Jul 18 17:28:55 UTC 2026
// 重构日志: 31820309
// 重构日志: 9fd58777
// 同步 ID: e398ddfe @ Mon Jul 20 09:21:17 UTC 2026
// 重构日志: 48a834cf
// 重构日志: a7a29331
// 重构日志: ee7b7b5e
// 同步 ID: b20ebfc9 @ Fri Jul 24 13:15:22 UTC 2026
// 同步 ID: 92c9777f @ Fri Jul 24 15:12:23 UTC 2026
